# JRE version: Java(TM) SE Runtime Environment 18.9 (11.0.8+10) (build 11.0.8+10-LTS)
# Java VM: Java HotSpot(TM) 64-Bit Server VM 18.9 (11.0.8+10-LTS, mixed mode, tiered, compressed oops, g1 gc, windows-amd64)
Heap:
 garbage-first heap   total 157696K, used 103882K [0x0000000081400000, 0x0000000100000000)
  region size 1024K, 83 young (84992K), 10 survivors (10240K)
 Metaspace       used 66837K, capacity 68914K, committed 68944K, reserved 1110016K
  class space    used 8642K, capacity 9462K, committed 9472K, reserved 1048576K
GC Heap History (10 events):
Event: 2.154 GC heap before
{Heap before GC invocations=6 (full 0):
 garbage-first heap   total 131072K, used 58789K [0x0000000081400000, 0x0000000100000000)
  region size 1024K, 52 young (53248K), 6 survivors (6144K)
 Metaspace       used 34684K, capacity 35850K, committed 35920K, reserved 1081344K
  class space    used 4360K, capacity 4825K, committed 4864K, reserved 1048576K
}
Event: 2.161 GC heap after
{Heap after GC invocations=7 (full 0):
 garbage-first heap   total 131072K, used 15197K [0x0000000081400000, 0x0000000100000000)
  region size 1024K, 8 young (8192K), 8 survivors (8192K)
 Metaspace       used 34684K, capacity 35850K, committed 35920K, reserved 1081344K
  class space    used 4360K, capacity 4825K, committed 4864K, reserved 1048576K
}
Event: 2.424 GC heap before
{Heap before GC invocations=8 (full 0):
 garbage-first heap   total 131072K, used 83805K [0x0000000081400000, 0x0000000100000000)
  region size 1024K, 76 young (77824K), 8 survivors (8192K)
 Metaspace       used 38123K, capacity 39515K, committed 39760K, reserved 1083392K
  class space    used 4799K, capacity 5342K, committed 5376K, reserved 1048576K
}
Event: 2.433 GC heap after
{Heap after GC invocations=9 (full 0):
 garbage-first heap   total 131072K, used 17795K [0x0000000081400000, 0x0000000100000000)
  region size 1024K, 8 young (8192K), 8 survivors (8192K)
 Metaspace       used 38123K, capacity 39515K, committed 39760K, reserved 1083392K
  class space    used 4799K, capacity 5342K, committed 5376K, reserved 1048576K
}
Event: 3.003 GC heap before
{Heap before GC invocations=9 (full 0):
 garbage-first heap   total 131072K, used 86403K [0x0000000081400000, 0x0000000100000000)
  region size 1024K, 76 young (77824K), 8 survivors (8192K)
 Metaspace       used 47618K, capacity 49104K, committed 49232K, reserved 1091584K
  class space    used 6012K, capacity 6577K, committed 6656K, reserved 1048576K
}
Event: 3.013 GC heap after
{Heap after GC invocations=10 (full 0):
 garbage-first heap   total 157696K, used 21109K [0x0000000081400000, 0x0000000100000000)
  region size 1024K, 9 young (9216K), 9 survivors (9216K)
 Metaspace       used 47618K, capacity 49104K, committed 49232K, reserved 1091584K
  class space    used 6012K, capacity 6577K, committed 6656K, reserved 1048576K
}
Event: 3.593 GC heap before
{Heap before GC invocations=10 (full 0):
 garbage-first heap   total 157696K, used 88693K [0x0000000081400000, 0x0000000100000000)
  region size 1024K, 76 young (77824K), 9 survivors (9216K)
 Metaspace       used 58469K, capacity 60171K, committed 60240K, reserved 1101824K
  class space    used 7501K, capacity 8173K, committed 8192K, reserved 1048576K
}
Event: 3.611 GC heap after
{Heap after GC invocations=11 (full 0):
 garbage-first heap   total 157696K, used 24389K [0x0000000081400000, 0x0000000100000000)
  region size 1024K, 10 young (10240K), 10 survivors (10240K)
 Metaspace       used 58469K, capacity 60171K, committed 60240K, reserved 1101824K
  class space    used 7501K, capacity 8173K, committed 8192K, reserved 1048576K
}
Event: 4.182 GC heap before
{Heap before GC invocations=12 (full 0):
 garbage-first heap   total 157696K, used 108357K [0x0000000081400000, 0x0000000100000000)
  region size 1024K, 92 young (94208K), 10 survivors (10240K)
 Metaspace       used 62009K, capacity 63951K, committed 64208K, reserved 1105920K
  class space    used 8054K, capacity 8812K, committed 8832K, reserved 1048576K
}
Event: 4.191 GC heap after
{Heap after GC invocations=13 (full 0):
 garbage-first heap   total 157696K, used 30154K [0x0000000081400000, 0x0000000100000000)
  region size 1024K, 10 young (10240K), 10 survivors (10240K)
 Metaspace       used 62009K, capacity 63951K, committed 64208K, reserved 1105920K
  class space    used 8054K, capacity 8812K, committed 8832K, reserved 1048576K
}

